Loading config file from node13.toml
2022-07-25 17:16:19  Starting OpenEthereum/v3.3.5-unstable-6c2d392d8-20220405/x86_64-linux-gnu/rustc1.61.0
2022-07-25 17:16:19  Keys path node13/keys/chain21
2022-07-25 17:16:19  DB path node13/chains/chain21/db/c7f7bed5039a9660
2022-07-25 17:16:19  State DB configuration: fast
2022-07-25 17:16:19  Operating mode: active
2022-07-25 17:16:20  Not preparing block; cannot sign.
2022-07-25 17:16:23  Configured for chain21 using AuthorityRound engine
2022-07-25 17:16:23  Listening for new connections on 127.0.0.1:8763.
2022-07-25 17:16:28  Public node URL: enode://1f9428b72f96c0292121648d1ab0716ca27dc90fc62d815ba3c678ef32a145fb3924e723eae246b979afcf9baf204d26baf844344bda0fdf53daccd1775f96a4@10.1.1.221:30313
2022-07-25 17:16:30  eth_sendTransaction is deprecated and will be removed in future versions: Account management is being phased out see #9997 for alternatives.
2022-07-25 17:16:30  Imported #1 0xfcc5…0246 (1 txs, 0.02 Mgas, 7 ms, 0.67 KiB)
2022-07-25 17:16:30  Reorg to #1 0x1a38…99ef (0xfcc5…0246 #0 0x181c…7b3b )
2022-07-25 17:16:35  Transaction mined (hash 0xcd15222f0c4f29d6526b8c1b2bb9e54b947cf90d39196bf8351af9c515e9be99)
2022-07-25 17:16:35  Imported #2 0x060b…8a93 (31 txs, 0.65 Mgas, 41 ms, 3.60 KiB) + another 1 block(s) containing 0 tx(s)
2022-07-25 17:16:40  Transaction mined (hash 0x62ca1eb084037dc5c5a62eddc19bb271c451513226e2599114d4636dc99292a2)
2022-07-25 17:16:40  Imported #3 0xbdcb…9ff3 (14 txs, 0.29 Mgas, 37 ms, 1.94 KiB)
2022-07-25 17:16:45  Imported #4 0xa5a6…f2e1 (14 txs, 0.29 Mgas, 35 ms, 1.94 KiB)
2022-07-25 17:16:50  Transaction mined (hash 0xa05acae620cf2d9c19814e0322f691786f1fd5ca8ccccc6db18ca4e6d500a512)
2022-07-25 17:16:50  Imported #5 0x4e57…8977 (13 txs, 0.27 Mgas, 68 ms, 1.84 KiB)
2022-07-25 17:16:53   20/25 peers     18 KiB chain  0 bytes queue  RPC:  0 conn,    0 req/s, 352395 µs
2022-07-25 17:16:55  Transaction mined (hash 0x56710fa27ae361758e4dbcdf373dafab9716a259714b7fc43cf394bb4a1786fb)
2022-07-25 17:16:55  Imported #6 0x35ce…dccc (14 txs, 0.29 Mgas, 23 ms, 1.94 KiB)
2022-07-25 17:17:00  Imported #7 0x64b9…ff10 (13 txs, 0.27 Mgas, 44 ms, 1.84 KiB)
2022-07-25 17:17:05  Transaction mined (hash 0xa8579b0b16c49d1ac80a85a9860d470c49b8f802815cc33a9586f2427fe60502)
2022-07-25 17:17:05  Imported #8 0xd7ed…ee5f (14 txs, 0.29 Mgas, 37 ms, 1.94 KiB)
2022-07-25 17:17:10  Imported #9 0xd662…fe27 (12 txs, 0.25 Mgas, 43 ms, 1.75 KiB)
2022-07-25 17:17:15  Transaction mined (hash 0xa3f77e5f8298f9636018a5fec6b9ce1bf62cc47c4e4195949cd58fee90146ff3)
2022-07-25 17:17:15  Imported #10 0xb053…da76 (14 txs, 0.29 Mgas, 33 ms, 1.94 KiB)
2022-07-25 17:17:20  Transaction mined (hash 0x4406bac1a05cea90aba564e8c910061ee288d3379c82a644162c03a1e33f1e3b)
2022-07-25 17:17:20  Imported #11 0x1f30…5bc3 (14 txs, 0.29 Mgas, 23 ms, 1.94 KiB)
2022-07-25 17:17:23   20/25 peers     37 KiB chain  0 bytes queue  RPC:  0 conn,    0 req/s, 319677 µs
2022-07-25 17:17:25  Imported #12 0x59ce…aae3 (13 txs, 0.27 Mgas, 19 ms, 1.84 KiB)
2022-07-25 17:17:33  eth_sendTransaction is deprecated and will be removed in future versions: Account management is being phased out see #9997 for alternatives.
2022-07-25 17:17:33  Transaction mined (hash 0x53937b53421bce793fd92bb553d1a7af366954da6a7be746803f5b3e5cbb4857)
2022-07-25 17:17:33  Imported #13 0xd73e…8a90 (21 txs, 0.44 Mgas, 25 ms, 2.62 KiB)
2022-07-25 17:17:40  Transaction mined (hash 0xb528eb2e21dcfe8986b7eb10bc02922b5a43ddc7758882075bb891b43d6639dc)
2022-07-25 17:17:40  Imported #14 0x34bc…0f8f (19 txs, 0.40 Mgas, 33 ms, 2.43 KiB)
2022-07-25 17:17:45  Transaction mined (hash 0xc36914059e6bdda9acdc10035f7b5e903d46d617d3210c19f827502b3f8832f4)
2022-07-25 17:17:45  Imported #15 0x59ce…6c3f (13 txs, 0.27 Mgas, 43 ms, 1.84 KiB)
2022-07-25 17:17:50  Transaction mined (hash 0x74e86942dfb5c1a4770f79f9ab4ad9b39da8dc64b32b142f98a85a02286ff353)
2022-07-25 17:17:50  Imported #16 0xaecb…6575 (15 txs, 0.31 Mgas, 25 ms, 2.04 KiB)
2022-07-25 17:17:53   20/25 peers     65 KiB chain  0 bytes queue  RPC:  0 conn,    0 req/s, 320134 µs
2022-07-25 17:17:55  Imported #17 0xfab4…b420 (13 txs, 0.27 Mgas, 43 ms, 1.84 KiB)
2022-07-25 17:18:00  Transaction mined (hash 0xaec9ed8e67456153fc4b90cd1e83d96fae709dd524bf3668c35f28ee5d7507a3)
2022-07-25 17:18:00  Imported #18 0x0071…928e (13 txs, 0.27 Mgas, 53 ms, 1.84 KiB)
2022-07-25 17:18:05  Transaction mined (hash 0xa5d4f996424d8276c6378178584bba4d71dbce550564ee1111a1585df9c1ea5a)
2022-07-25 17:18:05  Imported #19 0xcd6e…0be0 (14 txs, 0.29 Mgas, 20 ms, 1.94 KiB)
2022-07-25 17:18:10  Imported #20 0x02a1…3297 (14 txs, 0.29 Mgas, 21 ms, 1.94 KiB)
2022-07-25 17:18:15  Transaction mined (hash 0xe05e136955660ff21f452685ea6f2c4b4727490bb0d2beb5caba4bd744c8500b)
2022-07-25 17:18:15  Imported #21 0x2710…7c31 (13 txs, 0.27 Mgas, 31 ms, 1.84 KiB)
2022-07-25 17:18:20  Imported #22 0x56b4…8bd4 (13 txs, 0.27 Mgas, 25 ms, 1.84 KiB)
2022-07-25 17:18:23   20/25 peers     74 KiB chain  0 bytes queue  RPC:  0 conn,    0 req/s, 319677 µs
2022-07-25 17:18:25  Transaction mined (hash 0x23459a339dc3eda5f462d635fd785128d175bbb390cd09f140829999c13ddf49)
2022-07-25 17:18:25  Imported #23 0xbefa…a89b (14 txs, 0.29 Mgas, 52 ms, 1.94 KiB)
2022-07-25 17:18:30  Transaction mined (hash 0xd79b8c5b496318191d3eb39e260396d3e72428df23af99492fae843846bbff97)
2022-07-25 17:18:30  Imported #24 0x458b…6856 (13 txs, 0.27 Mgas, 34 ms, 1.84 KiB)
2022-07-25 17:18:35  eth_sendTransaction is deprecated and will be removed in future versions: Account management is being phased out see #9997 for alternatives.
2022-07-25 17:18:35  Imported #25 0xae88…5507 (14 txs, 0.29 Mgas, 89 ms, 1.94 KiB)
2022-07-25 17:18:40  Transaction mined (hash 0x0f5243a636bfe59d6f6fc7549804efa28f6f717cc84300a75e398148a5a918a7)
2022-07-25 17:18:40  Imported #26 0x3680…bc45 (13 txs, 0.27 Mgas, 45 ms, 1.84 KiB)
2022-07-25 17:18:45  Transaction mined (hash 0x33492ce8926e0b66cec18d6a66ffed49c1ffd1f31948412492978ddc5328ef61)
2022-07-25 17:18:45  Imported #27 0xcfa3…dce3 (14 txs, 0.29 Mgas, 21 ms, 1.94 KiB)
2022-07-25 17:18:50  Imported #28 0x0280…78e5 (13 txs, 0.27 Mgas, 57 ms, 1.84 KiB)
2022-07-25 17:18:53   20/25 peers     88 KiB chain  0 bytes queue  RPC:  0 conn,    1 req/s, 319677 µs
2022-07-25 17:18:55  Transaction mined (hash 0x1e2931653abe74037cdd0d66ed22993fab10cea245394701e4d1894bc6e16213)
2022-07-25 17:18:55  Imported #29 0x98d4…a5c5 (14 txs, 0.29 Mgas, 41 ms, 1.94 KiB)
2022-07-25 17:19:00  Transaction mined (hash 0x264f8d6fd8012013ce565d1d652ce1dcddee5f2cbb56ca02fbdff3dbc36a95cf)
2022-07-25 17:19:00  Imported #30 0x4891…ebe5 (13 txs, 0.27 Mgas, 26 ms, 1.84 KiB)
2022-07-25 17:19:05  Imported #31 0xda6e…58b0 (14 txs, 0.29 Mgas, 25 ms, 1.94 KiB)
2022-07-25 17:19:10  Transaction mined (hash 0x89285eb91a9acc53ea754efc8831e3039daad28469fb421e2a93fdf185ee3801)
2022-07-25 17:19:10  Imported #32 0x36bb…43a6 (13 txs, 0.27 Mgas, 43 ms, 1.84 KiB)
2022-07-25 17:19:18  Transaction mined (hash 0x8035ef8bd95d3b7e9905e13a53cfa0f991f7371e7ca07e886e3a2df8e3750220)
2022-07-25 17:19:18  Imported #33 0xe3c2…bda7 (22 txs, 0.46 Mgas, 39 ms, 2.72 KiB)
2022-07-25 17:19:23   20/25 peers    129 KiB chain  0 bytes queue  RPC:  0 conn,    1 req/s, 350507 µs
2022-07-25 17:19:25  Transaction mined (hash 0xce4f6f53e73c86203e6e51ab2368da0c17a27c75fd5cb0651d60a93c02fd9039)
2022-07-25 17:19:25  Imported #34 0x24ca…247f (19 txs, 0.40 Mgas, 43 ms, 2.43 KiB)
2022-07-25 17:19:30  Imported #35 0x249d…e2c7 (13 txs, 0.27 Mgas, 51 ms, 1.84 KiB)
2022-07-25 17:19:35  Transaction mined (hash 0x616cf257439deec0de5a7f3531abaff11af6aac56a096746457ab6c598c1381b)
2022-07-25 17:19:35  Imported #36 0x539f…8e71 (13 txs, 0.27 Mgas, 21 ms, 1.84 KiB)
2022-07-25 17:19:37  eth_sendTransaction is deprecated and will be removed in future versions: Account management is being phased out see #9997 for alternatives.
2022-07-25 17:19:40  Transaction mined (hash 0xcf058cec7d46b295b06ed28cc8933abf45b25a4cc47bcc499a4d26074a14ee48)
2022-07-25 17:19:40  Imported #37 0x5345…f608 (13 txs, 0.27 Mgas, 40 ms, 1.84 KiB)
2022-07-25 17:19:45  Imported #38 0x7902…bf9e (14 txs, 0.29 Mgas, 27 ms, 1.94 KiB)
2022-07-25 17:19:50  Transaction mined (hash 0xe769978c54e7115c37f8e8e438ee0c4bca830fd8decf00881c218487f4d38db6)
2022-07-25 17:19:50  Imported #39 0x1d1d…4a02 (13 txs, 0.27 Mgas, 73 ms, 1.84 KiB)
2022-07-25 17:19:53   20/25 peers    139 KiB chain  0 bytes queue  RPC:  0 conn,    1 req/s, 350507 µs
2022-07-25 17:19:55  Transaction mined (hash 0x7cb105896edd8c1a71554016481fc5142ca41c185ac8012bc15b81de145ebaee)
2022-07-25 17:19:55  Imported #40 0x8f3a…b33b (13 txs, 0.27 Mgas, 39 ms, 1.84 KiB)
2022-07-25 17:20:00  Imported #41 0x9712…191a (14 txs, 0.29 Mgas, 29 ms, 1.94 KiB)
2022-07-25 17:20:05  Transaction mined (hash 0x0b0f6de52f17b3f1d59e53e5fe60336e15979d0de386c5ed31865f2b8dcf2b36)
2022-07-25 17:20:05  Imported #42 0x7f50…184a (14 txs, 0.29 Mgas, 37 ms, 1.94 KiB)
2022-07-25 17:20:10  Transaction mined (hash 0xd03592fcd788177be595a7caba5fe8e05359fa6dd5eb42c853288d85704530f0)
2022-07-25 17:20:10  Imported #43 0x8402…8e5e (13 txs, 0.27 Mgas, 47 ms, 1.84 KiB)
2022-07-25 17:20:15  Imported #44 0x2feb…944c (14 txs, 0.29 Mgas, 22 ms, 1.94 KiB)
2022-07-25 17:20:20  Transaction mined (hash 0x0bb8553d7cdd5da45f63eb82aadcd7b9a36a78fbf5ced46893d2ac370f7b9c72)
2022-07-25 17:20:20  Imported #45 0x0e57…cdea (13 txs, 0.27 Mgas, 96 ms, 1.84 KiB)
2022-07-25 17:20:25  Transaction mined (hash 0x0f50985e6721736b46bffa8f8e491cb10bd278006d17996639660950aa8bed8b)
2022-07-25 17:20:25  Imported #46 0x9e9f…9a64 (14 txs, 0.29 Mgas, 62 ms, 1.94 KiB)
2022-07-25 17:20:28   20/25 peers    149 KiB chain  0 bytes queue  RPC:  0 conn,    0 req/s, 350507 µs
2022-07-25 17:20:30  Imported #47 0x73e8…44a5 (13 txs, 0.27 Mgas, 29 ms, 1.84 KiB)
2022-07-25 17:20:35  Transaction mined (hash 0xc20c5553341655355961128f6e77ff1768a14d122e05fd27bab81220f88df29c)
2022-07-25 17:20:35  Imported #48 0xd67f…72fd (14 txs, 0.29 Mgas, 51 ms, 1.94 KiB)
2022-07-25 17:20:40  eth_sendTransaction is deprecated and will be removed in future versions: Account management is being phased out see #9997 for alternatives.
2022-07-25 17:20:40  Imported #49 0x3087…e19c (13 txs, 0.27 Mgas, 28 ms, 1.84 KiB)
2022-07-25 17:20:45  Transaction mined (hash 0xa4a49390793350390c7f0e1b44b57870434e1dc58c2277a4e3d53e994095584b)
2022-07-25 17:20:45  Imported #50 0x3baf…d911 (14 txs, 0.29 Mgas, 44 ms, 1.94 KiB)
2022-07-25 17:20:50  Transaction mined (hash 0x41d2a04d3206e41bb76354ac3765673d9bb4e936a4f105ad66587945b985e4b5)
2022-07-25 17:20:50  Imported #51 0x99e0…7c69 (13 txs, 0.27 Mgas, 54 ms, 1.84 KiB)
2022-07-25 17:20:55  Imported #52 0x938e…8c80 (14 txs, 0.29 Mgas, 33 ms, 1.94 KiB)
2022-07-25 17:20:58   20/25 peers    157 KiB chain  0 bytes queue  RPC:  0 conn,    1 req/s, 350507 µs
2022-07-25 17:21:03  Transaction mined (hash 0x0322e54ff23d2721ff91ed9f39724c8ac29b6ae2b7326b866979796ef92d4fdd)
2022-07-25 17:21:03  Imported #53 0x0304…64f9 (21 txs, 0.44 Mgas, 51 ms, 2.62 KiB)
2022-07-25 17:21:10  Transaction mined (hash 0x09186a3af6143abdd990a3e5068acf106a7e166f91688328ef59fbc8c380a4aa)
2022-07-25 17:21:10  Imported #54 0x4f35…dbf9 (19 txs, 0.40 Mgas, 58 ms, 2.43 KiB)
2022-07-25 17:21:15  Transaction mined (hash 0x96081a55d37dc4d72b0ef23da1eb23d37d865fa3838980c19c5c5ab6f22909e6)
2022-07-25 17:21:15  Imported #55 0x4e1a…d21c (14 txs, 0.29 Mgas, 55 ms, 1.94 KiB)
2022-07-25 17:21:20  Transaction mined (hash 0x9f68ad49b9f63749f730548f3bc883b2943b195ad5e75f8ca36eb56babc44688)
2022-07-25 17:21:20  Imported #56 0xd37c…c36e (13 txs, 0.27 Mgas, 41 ms, 1.84 KiB)
2022-07-25 17:21:25  Imported #57 0x1532…94c4 (14 txs, 0.29 Mgas, 35 ms, 1.94 KiB)
2022-07-25 17:21:28   20/25 peers    176 KiB chain  0 bytes queue  RPC:  0 conn,    2 req/s, 348837 µs
2022-07-25 17:21:30  Transaction mined (hash 0x88186b49d4cdbf7293dfa79fae4e2ae84d8772f4adf515670590bdaf40879fa1)
2022-07-25 17:21:30  Imported #58 0x73c8…d3e7 (13 txs, 0.27 Mgas, 47 ms, 1.84 KiB)
2022-07-25 17:21:35  Transaction mined (hash 0xe69d9a7606b998b702ac521224ad589be4e26b3cbd889a7be8af263ab0a0a2fc)
2022-07-25 17:21:35  Imported #59 0x7150…4ab4 (14 txs, 0.29 Mgas, 23 ms, 1.94 KiB)
2022-07-25 17:21:42  eth_sendTransaction is deprecated and will be removed in future versions: Account management is being phased out see #9997 for alternatives.
2022-07-25 17:22:44  eth_sendTransaction is deprecated and will be removed in future versions: Account management is being phased out see #9997 for alternatives.
2022-07-25 17:23:47  eth_sendTransaction is deprecated and will be removed in future versions: Account management is being phased out see #9997 for alternatives.
2022-07-25 17:24:48  eth_sendTransaction is deprecated and will be removed in future versions: Account management is being phased out see #9997 for alternatives.
2022-07-25 17:25:51  eth_sendTransaction is deprecated and will be removed in future versions: Account management is being phased out see #9997 for alternatives.
2022-07-25 17:26:52  eth_sendTransaction is deprecated and will be removed in future versions: Account management is being phased out see #9997 for alternatives.
2022-07-25 17:27:55  eth_sendTransaction is deprecated and will be removed in future versions: Account management is being phased out see #9997 for alternatives.
2022-07-25 17:28:57  eth_sendTransaction is deprecated and will be removed in future versions: Account management is being phased out see #9997 for alternatives.
2022-07-25 17:30:00  eth_sendTransaction is deprecated and will be removed in future versions: Account management is being phased out see #9997 for alternatives.
2022-07-25 17:31:02  eth_sendTransaction is deprecated and will be removed in future versions: Account management is being phased out see #9997 for alternatives.
2022-07-25 17:32:03  eth_sendTransaction is deprecated and will be removed in future versions: Account management is being phased out see #9997 for alternatives.
2022-07-25 17:33:05  eth_sendTransaction is deprecated and will be removed in future versions: Account management is being phased out see #9997 for alternatives.
2022-07-25 17:34:07  eth_sendTransaction is deprecated and will be removed in future versions: Account management is being phased out see #9997 for alternatives.
2022-07-25 17:35:10  eth_sendTransaction is deprecated and will be removed in future versions: Account management is being phased out see #9997 for alternatives.
2022-07-25 17:36:12  eth_sendTransaction is deprecated and will be removed in future versions: Account management is being phased out see #9997 for alternatives.
2022-07-25 17:37:14  eth_sendTransaction is deprecated and will be removed in future versions: Account management is being phased out see #9997 for alternatives.
2022-07-25 17:38:16  eth_sendTransaction is deprecated and will be removed in future versions: Account management is being phased out see #9997 for alternatives.
2022-07-25 17:39:18  eth_sendTransaction is deprecated and will be removed in future versions: Account management is being phased out see #9997 for alternatives.
2022-07-25 17:40:21  eth_sendTransaction is deprecated and will be removed in future versions: Account management is being phased out see #9997 for alternatives.
2022-07-25 17:41:23  eth_sendTransaction is deprecated and will be removed in future versions: Account management is being phased out see #9997 for alternatives.
2022-07-25 17:42:26  eth_sendTransaction is deprecated and will be removed in future versions: Account management is being phased out see #9997 for alternatives.
2022-07-25 17:43:28  eth_sendTransaction is deprecated and will be removed in future versions: Account management is being phased out see #9997 for alternatives.
2022-07-25 17:44:30  eth_sendTransaction is deprecated and will be removed in future versions: Account management is being phased out see #9997 for alternatives.
2022-07-25 17:45:32  eth_sendTransaction is deprecated and will be removed in future versions: Account management is being phased out see #9997 for alternatives.
2022-07-25 17:46:34  eth_sendTransaction is deprecated and will be removed in future versions: Account management is being phased out see #9997 for alternatives.
2022-07-25 17:47:36  eth_sendTransaction is deprecated and will be removed in future versions: Account management is being phased out see #9997 for alternatives.
2022-07-25 17:48:38  eth_sendTransaction is deprecated and will be removed in future versions: Account management is being phased out see #9997 for alternatives.
2022-07-25 17:49:41  eth_sendTransaction is deprecated and will be removed in future versions: Account management is being phased out see #9997 for alternatives.
2022-07-25 17:50:43  eth_sendTransaction is deprecated and will be removed in future versions: Account management is being phased out see #9997 for alternatives.
2022-07-25 17:51:45  eth_sendTransaction is deprecated and will be removed in future versions: Account management is being phased out see #9997 for alternatives.
2022-07-25 17:52:47  eth_sendTransaction is deprecated and will be removed in future versions: Account management is being phased out see #9997 for alternatives.
2022-07-25 17:56:22  eth_sendTransaction is deprecated and will be removed in future versions: Account management is being phased out see #9997 for alternatives.
2022-07-25 17:57:24  eth_sendTransaction is deprecated and will be removed in future versions: Account management is being phased out see #9997 for alternatives.
2022-07-25 17:58:25  eth_sendTransaction is deprecated and will be removed in future versions: Account management is being phased out see #9997 for alternatives.
2022-07-25 17:59:25  eth_sendTransaction is deprecated and will be removed in future versions: Account management is being phased out see #9997 for alternatives.
2022-07-25 18:00:26  eth_sendTransaction is deprecated and will be removed in future versions: Account management is being phased out see #9997 for alternatives.
2022-07-25 18:01:27  eth_sendTransaction is deprecated and will be removed in future versions: Account management is being phased out see #9997 for alternatives.
2022-07-25 18:02:27  eth_sendTransaction is deprecated and will be removed in future versions: Account management is being phased out see #9997 for alternatives.
2022-07-25 18:03:28  eth_sendTransaction is deprecated and will be removed in future versions: Account management is being phased out see #9997 for alternatives.
2022-07-25 18:04:29  eth_sendTransaction is deprecated and will be removed in future versions: Account management is being phased out see #9997 for alternatives.
2022-07-25 18:05:29  eth_sendTransaction is deprecated and will be removed in future versions: Account management is being phased out see #9997 for alternatives.
2022-07-25 18:06:29  eth_sendTransaction is deprecated and will be removed in future versions: Account management is being phased out see #9997 for alternatives.
2022-07-25 18:07:29  eth_sendTransaction is deprecated and will be removed in future versions: Account management is being phased out see #9997 for alternatives.
2022-07-25 18:08:30  eth_sendTransaction is deprecated and will be removed in future versions: Account management is being phased out see #9997 for alternatives.
2022-07-25 18:09:30  eth_sendTransaction is deprecated and will be removed in future versions: Account management is being phased out see #9997 for alternatives.
2022-07-25 18:10:32  eth_sendTransaction is deprecated and will be removed in future versions: Account management is being phased out see #9997 for alternatives.
